[debug] [2023-08-19T11:48:05.212Z] ----------------------------------------------------------------------
[debug] [2023-08-19T11:48:05.213Z] Command:       /Users/thanhdt/.nvm/versions/node/v16.13.0/bin/node /Users/thanhdt/.nvm/versions/node/v14.18.0/bin/firebase init
[debug] [2023-08-19T11:48:05.213Z] CLI Version:   12.2.1
[debug] [2023-08-19T11:48:05.214Z] Platform:      darwin
[debug] [2023-08-19T11:48:05.214Z] Node Version:  v16.13.0
[debug] [2023-08-19T11:48:05.214Z] Time:          Sat Aug 19 2023 18:48:05 GMT+0700 (Indochina Time)
[debug] [2023-08-19T11:48:05.214Z] ----------------------------------------------------------------------
[debug] 
[debug] [2023-08-19T11:48:05.217Z] > command requires scopes: ["email","openid","https://www.googleapis.com/auth/cloudplatformprojects.readonly","https://www.googleapis.com/auth/firebase","https://www.googleapis.com/auth/cloud-platform"]
[debug] [2023-08-19T11:48:05.217Z] > authorizing via signed-in user (ahihi25069@gmail.com)
[info] 
     ######## #### ########  ######## ########     ###     ######  ########
     ##        ##  ##     ## ##       ##     ##  ##   ##  ##       ##
     ######    ##  ########  ######   ########  #########  ######  ######
     ##        ##  ##    ##  ##       ##     ## ##     ##       ## ##
     ##       #### ##     ## ######## ########  ##     ##  ######  ########

You're about to initialize a Firebase project in this directory:

  /Users/thanhdt/Documents/personal-project/CVFolio/build/web

[info] 
=== Project Setup
[info] 
[info] First, let's associate this project directory with a Firebase project.
[info] You can create multiple project aliases by running firebase use --add, 
[info] but for now we'll just set up a default project.
[info] 
[debug] [2023-08-19T11:48:33.148Z] > refreshing access token with scopes: []
[debug] [2023-08-19T11:48:33.151Z] >>> [apiv2][query] POST https://www.googleapis.com/oauth2/v3/token [none]
[debug] [2023-08-19T11:48:33.152Z] >>> [apiv2][body] POST https://www.googleapis.com/oauth2/v3/token [omitted]
[debug] [2023-08-19T11:48:33.356Z] <<< [apiv2][status] POST https://www.googleapis.com/oauth2/v3/token 200
[debug] [2023-08-19T11:48:33.356Z] <<< [apiv2][body] POST https://www.googleapis.com/oauth2/v3/token [omitted]
[debug] [2023-08-19T11:48:33.372Z] >>> [apiv2][query] GET https://firebase.googleapis.com/v1beta1/projects pageSize=100
[debug] [2023-08-19T11:48:34.025Z] <<< [apiv2][status] GET https://firebase.googleapis.com/v1beta1/projects 200
[debug] [2023-08-19T11:48:34.025Z] <<< [apiv2][body] GET https://firebase.googleapis.com/v1beta1/projects [omitted]
[info] i  Using project portfolio-dd598 (portfolio) 
[info] 
=== Firestore Setup
[debug] [2023-08-19T11:48:36.376Z] >>> [apiv2][query] GET https://serviceusage.googleapis.com/v1/projects/portfolio-dd598/services/firestore.googleapis.com [none]
[debug] [2023-08-19T11:48:36.376Z] >>> [apiv2][(partial)header] GET https://serviceusage.googleapis.com/v1/projects/portfolio-dd598/services/firestore.googleapis.com x-goog-quota-user=projects/portfolio-dd598
[debug] [2023-08-19T11:48:37.817Z] <<< [apiv2][status] GET https://serviceusage.googleapis.com/v1/projects/portfolio-dd598/services/firestore.googleapis.com 200
[debug] [2023-08-19T11:48:37.817Z] <<< [apiv2][body] GET https://serviceusage.googleapis.com/v1/projects/portfolio-dd598/services/firestore.googleapis.com [omitted]
[debug] [2023-08-19T11:48:37.819Z] >>> [apiv2][query] GET https://firestore.googleapis.com/v1/projects/portfolio-dd598/databases/(default) [none]
[debug] [2023-08-19T11:48:38.325Z] <<< [apiv2][status] GET https://firestore.googleapis.com/v1/projects/portfolio-dd598/databases/(default) 200
[debug] [2023-08-19T11:48:38.326Z] <<< [apiv2][body] GET https://firestore.googleapis.com/v1/projects/portfolio-dd598/databases/(default) {"name":"projects/portfolio-dd598/databases/(default)","uid":"78611c71-d376-4c79-806a-6be7bfd1ca19","createTime":"2023-08-19T11:00:08.024508Z","updateTime":"2023-08-19T11:00:08.024508Z","locationId":"asia-southeast1","type":"FIRESTORE_NATIVE","concurrencyMode":"PESSIMISTIC","versionRetentionPeriod":"3600s","earliestVersionTime":"2023-08-19T11:00:08.024508Z","appEngineIntegrationMode":"DISABLED","keyPrefix":"zas","pointInTimeRecoveryEnablement":"POINT_IN_TIME_RECOVERY_DISABLED","deleteProtectionState":"DELETE_PROTECTION_DISABLED","etag":"IKC2287T6IADMLmBkNfJ6IAD"}
[debug] [2023-08-19T11:48:38.326Z] database_type: FIRESTORE_NATIVE
[debug] [2023-08-19T11:48:38.326Z] > command requires scopes: ["email","openid","https://www.googleapis.com/auth/cloudplatformprojects.readonly","https://www.googleapis.com/auth/firebase","https://www.googleapis.com/auth/cloud-platform"]
[debug] [2023-08-19T11:48:38.327Z] > authorizing via signed-in user (ahihi25069@gmail.com)
[debug] [2023-08-19T11:48:38.327Z] [iam] checking project portfolio-dd598 for permissions ["firebase.projects.get"]
[debug] [2023-08-19T11:48:38.327Z] >>> [apiv2][query] POST https://cloudresourcemanager.googleapis.com/v1/projects/portfolio-dd598:testIamPermissions [none]
[debug] [2023-08-19T11:48:38.328Z] >>> [apiv2][(partial)header] POST https://cloudresourcemanager.googleapis.com/v1/projects/portfolio-dd598:testIamPermissions x-goog-quota-user=projects/portfolio-dd598
[debug] [2023-08-19T11:48:38.328Z] >>> [apiv2][body] POST https://cloudresourcemanager.googleapis.com/v1/projects/portfolio-dd598:testIamPermissions {"permissions":["firebase.projects.get"]}
[debug] [2023-08-19T11:48:39.345Z] <<< [apiv2][status] POST https://cloudresourcemanager.googleapis.com/v1/projects/portfolio-dd598:testIamPermissions 200
[debug] [2023-08-19T11:48:39.345Z] <<< [apiv2][body] POST https://cloudresourcemanager.googleapis.com/v1/projects/portfolio-dd598:testIamPermissions {"permissions":["firebase.projects.get"]}
[info] 
[info] Firestore Security Rules allow you to define how and when to allow
[info] requests. You can keep these rules in your project directory
[info] and publish them with firebase deploy.
[info] 
[debug] [2023-08-19T11:48:44.444Z] >>> [apiv2][query] GET https://firebaserules.googleapis.com/v1/projects/portfolio-dd598/releases pageSize=10&pageToken=
[debug] [2023-08-19T11:48:45.703Z] <<< [apiv2][status] GET https://firebaserules.googleapis.com/v1/projects/portfolio-dd598/releases 200
[debug] [2023-08-19T11:48:45.704Z] <<< [apiv2][body] GET https://firebaserules.googleapis.com/v1/projects/portfolio-dd598/releases {"releases":[{"name":"projects/portfolio-dd598/releases/cloud.firestore","rulesetName":"projects/portfolio-dd598/rulesets/32dd121f-f3d4-4dac-8e5e-2c51050afc29","createTime":"2023-08-19T11:00:16.307283Z","updateTime":"2023-08-19T11:07:51.958784Z"}]}
[debug] [2023-08-19T11:48:45.704Z] Found ruleset: projects/portfolio-dd598/rulesets/32dd121f-f3d4-4dac-8e5e-2c51050afc29
[debug] [2023-08-19T11:48:45.704Z] >>> [apiv2][query] GET https://firebaserules.googleapis.com/v1/projects/portfolio-dd598/rulesets/32dd121f-f3d4-4dac-8e5e-2c51050afc29 [none]
[debug] [2023-08-19T11:48:46.926Z] <<< [apiv2][status] GET https://firebaserules.googleapis.com/v1/projects/portfolio-dd598/rulesets/32dd121f-f3d4-4dac-8e5e-2c51050afc29 200
[debug] [2023-08-19T11:48:46.926Z] <<< [apiv2][body] GET https://firebaserules.googleapis.com/v1/projects/portfolio-dd598/rulesets/32dd121f-f3d4-4dac-8e5e-2c51050afc29 [omitted]
[info] 
[info] Firestore indexes allow you to perform complex queries while
[info] maintaining performance that scales with the size of the result
[info] set. You can keep index definitions in your project directory
[info] and publish them with firebase deploy.
[info] 
[debug] [2023-08-19T11:48:52.167Z] >>> [apiv2][query] GET https://firestore.googleapis.com/v1/projects/portfolio-dd598/databases/(default)/collectionGroups/-/indexes [none]
[debug] [2023-08-19T11:48:52.169Z] >>> [apiv2][query] GET https://firestore.googleapis.com/v1/projects/portfolio-dd598/databases/(default)/collectionGroups/-/fields?filter=indexConfig.usesAncestorConfig=false OR ttlConfig:* [none]
[debug] [2023-08-19T11:48:52.562Z] <<< [apiv2][status] GET https://firestore.googleapis.com/v1/projects/portfolio-dd598/databases/(default)/collectionGroups/-/indexes 200
[debug] [2023-08-19T11:48:52.562Z] <<< [apiv2][body] GET https://firestore.googleapis.com/v1/projects/portfolio-dd598/databases/(default)/collectionGroups/-/indexes {}
[debug] [2023-08-19T11:48:52.563Z] <<< [apiv2][status] GET https://firestore.googleapis.com/v1/projects/portfolio-dd598/databases/(default)/collectionGroups/-/fields?filter=indexConfig.usesAncestorConfig=false OR ttlConfig:* 200
[debug] [2023-08-19T11:48:52.563Z] <<< [apiv2][body] GET https://firestore.googleapis.com/v1/projects/portfolio-dd598/databases/(default)/collectionGroups/-/fields?filter=indexConfig.usesAncestorConfig=false OR ttlConfig:* {"fields":[{"name":"projects/portfolio-dd598/databases/(default)/collectionGroups/__default__/fields/*","indexConfig":{"indexes":[{"queryScope":"COLLECTION","fields":[{"fieldPath":"*","order":"ASCENDING"}],"state":"READY"},{"queryScope":"COLLECTION","fields":[{"fieldPath":"*","order":"DESCENDING"}],"state":"READY"},{"queryScope":"COLLECTION","fields":[{"fieldPath":"*","arrayConfig":"CONTAINS"}],"state":"READY"}]}}]}
[info] 
=== Hosting Setup
[info] 
[info] Your public directory is the folder (relative to your project directory) that
[info] will contain Hosting assets to be uploaded with firebase deploy. If you
[info] have a build process for your assets, use your build's output directory.
[info] 
[debug] [2023-08-19T11:48:55.884Z] >>> [apiv2][query] GET https://www.gstatic.com/firebasejs/releases.json [none]
[debug] [2023-08-19T11:48:56.033Z] <<< [apiv2][status] GET https://www.gstatic.com/firebasejs/releases.json 200
[debug] [2023-08-19T11:48:56.033Z] <<< [apiv2][body] GET https://www.gstatic.com/firebasejs/releases.json {"current":{"version":"10.2.0","browserURL":"https://www.gstatic.com/firebasejs/10.2.0/firebase.js","packageURL":"https://www.gstatic.com/firebasejs/10.2.0/firebase.tgz"},"live":{"version":"10.2","browserURL":"https://www.gstatic.com/firebasejs/live/10.2/firebase.js","packageURL":"https://www.gstatic.com/firebasejs/live/10.2/firebase.tgz"},"components":{"analytics":"https://www.gstatic.com/firebasejs/10.2.0/firebase-analytics.js","app":"https://www.gstatic.com/firebasejs/10.2.0/firebase-app.js","app-check":"https://www.gstatic.com/firebasejs/10.2.0/firebase-app-check.js","auth":"https://www.gstatic.com/firebasejs/10.2.0/firebase-auth.js","auth/cordova":"https://www.gstatic.com/firebasejs/10.2.0/firebase-auth/cordova.js","functions":"https://www.gstatic.com/firebasejs/10.2.0/firebase-functions.js","firestore":"https://www.gstatic.com/firebasejs/10.2.0/firebase-firestore.js","firestore/lite":"https://www.gstatic.com/firebasejs/10.2.0/firebase-firestore/lite.js","installations":"https://www.gstatic.com/firebasejs/10.2.0/firebase-installations.js","storage":"https://www.gstatic.com/firebasejs/10.2.0/firebase-storage.js","performance":"https://www.gstatic.com/firebasejs/10.2.0/firebase-performance.js","remote-config":"https://www.gstatic.com/firebasejs/10.2.0/firebase-remote-config.js","messaging":"https://www.gstatic.com/firebasejs/10.2.0/firebase-messaging.js","messaging/sw":"https://www.gstatic.com/firebasejs/10.2.0/firebase-messaging/sw.js","database":"https://www.gstatic.com/firebasejs/10.2.0/firebase-database.js","firestore.memory":"https://www.gstatic.com/firebasejs/10.2.0/firebase-firestore.memory.js"}}
[debug] [2023-08-19T11:48:56.173Z] Error: ENOTDIR: not a directory, scandir '/Users/thanhdt/Documents/personal-project/CVFolio/build/web/y'
    at Object.readdirSync (node:fs:1390:3)
    at Object.createFileSync (/Users/thanhdt/.nvm/versions/node/v14.18.0/lib/node_modules/firebase-tools/node_modules/fs-extra/lib/ensure/file.js:55:10)
    at Config.writeProjectFile (/Users/thanhdt/.nvm/versions/node/v14.18.0/lib/node_modules/firebase-tools/lib/config.js:152:12)
    at /Users/thanhdt/.nvm/versions/node/v14.18.0/lib/node_modules/firebase-tools/lib/config.js:176:22
    at processTicksAndRejections (node:internal/process/task_queues:96:5)
    at async doSetup (/Users/thanhdt/.nvm/versions/node/v14.18.0/lib/node_modules/firebase-tools/lib/init/features/hosting/index.js:145:9)
    at async init (/Users/thanhdt/.nvm/versions/node/v14.18.0/lib/node_modules/firebase-tools/lib/init/index.js:37:9)
[error] 
[error] Error: An unexpected error has occurred.
